<?xml version="1.0" encoding="UTF-8"?>
<testsuites>
  <testsuite id="0" name="/Users/allen.kim/github/ngui/modules/module-two/src/two.component.spec.ts" errors="0" package="/Users/allen.kim/github/ngui/modules/module-two/src/two.component.spec.ts" hostname="localhost" tests="2" failures="0" time="1.136" timestamp="2018-04-10T16:45:41">
    <properties>
    </properties>
    <testcase classname="AppComponent" name="should have as title &apos;app&apos;" time="0">
    </testcase>
    <testcase classname="AppComponent" name="should render &quot;Module Two Component&quot;" time="0">
    </testcase>
    <system-out/>
    <system-err/>
  </testsuite>
</testsuites>