<?xml version="1.0" encoding="UTF-8"?>
<testsuites>
  <testsuite id="0" name="/Users/allen.kim/github/ngui/app/src/app.component.spec.ts" errors="0" package="/Users/allen.kim/github/ngui/app/src/app.component.spec.ts" hostname="localhost" tests="3" failures="0" time="1.037" timestamp="2018-03-29T19:50:41">
    <properties>
    </properties>
    <testcase classname="AppComponent" name="should create the app" time="0">
    </testcase>
    <testcase classname="AppComponent" name="should have as title &apos;app&apos;" time="0">
    </testcase>
    <testcase classname="AppComponent" name="should render title in a h1 tag" time="0">
    </testcase>
    <system-out/>
    <system-err/>
  </testsuite>
  <testsuite id="1" name="/Users/allen.kim/github/ngui/app/src/master.service.spec.ts" errors="0" package="/Users/allen.kim/github/ngui/app/src/master.service.spec.ts" hostname="localhost" tests="1" failures="0" time="0.057" timestamp="2018-03-29T19:50:42">
    <properties>
    </properties>
    <testcase classname="MasterService" name="#getValue should return value" time="0">
    </testcase>
    <system-out/>
    <system-err/>
  </testsuite>
  <testsuite id="2" name="/Users/allen.kim/github/ngui/app/src/value.service.spec.ts" errors="0" package="/Users/allen.kim/github/ngui/app/src/value.service.spec.ts" hostname="localhost" tests="3" failures="0" time="0.058" timestamp="2018-03-29T19:50:42">
    <properties>
    </properties>
    <testcase classname="ValueService" name="#getValue should return real value" time="0">
    </testcase>
    <testcase classname="ValueService" name="#getObservableValue should return value from observable" time="0">
    </testcase>
    <testcase classname="ValueService" name="#getPromiseValue should return value from a promise" time="0">
    </testcase>
    <system-out/>
    <system-err/>
  </testsuite>
</testsuites>